{"name": "test_click_buttons_page_right_click", "status": "broken", "statusDetails": {"message": "selenium.common.exceptions.TimeoutException: Message: \nStacktrace:\nRemoteError@chrome://remote/content/shared/RemoteError.sys.mjs:8:8\nWebDriverError@chrome://remote/content/shared/webdriver/Errors.sys.mjs:187:5\nNoSuchElementError@chrome://remote/content/shared/webdriver/Errors.sys.mjs:505:5\nelement.find/</<@chrome://remote/content/marionette/element.sys.mjs:135:16", "trace": "self = <elements_page_test.TestElements.TestClickButtons object at 0x000000C3A838BD50>\n\n    def test_click_buttons_page_right_click(self):\n        \"\"\" Check if it's possible to right-click button \"\"\"\n        self.click_buttons_page.click_right_click_butt()\n>       result_mess = self.click_buttons_page.get_click_result('right')\n\ntests\\elements_page_test.py:220: \n_ _ _ _ _ _ _ _ _ _ _ _ _ _ _ _ _ _ _ _ _ _ _ _ _ _ _ _ _ _ _ _ _ _ _ _ _ _ _ _ _ _ _ _ _ _ _ _ _ _ _ _ _ _ _ _ _ _ _ _ _ _ _ _ _ _ _ _ _ _ _ _ _ _ _ _ _ _\npages\\element_page.py:273: in get_click_result\n    return self.element_is_visible(butt).text\npages\\base_page.py:15: in element_is_visible\n    return wait(self.driver, timeout).until(EC.visibility_of_element_located(locator))\n_ _ _ _ _ _ _ _ _ _ _ _ _ _ _ _ _ _ _ _ _ _ _ _ _ _ _ _ _ _ _ _ _ _ _ _ _ _ _ _ _ _ _ _ _ _ _ _ _ _ _ _ _ _ _ _ _ _ _ _ _ _ _ _ _ _ _ _ _ _ _ _ _ _ _ _ _ _\n\nself = <selenium.webdriver.support.wait.WebDriverWait (session=\"998951cc-7724-478f-b25c-5c3db0a77616\")>\nmethod = <function visibility_of_element_located.<locals>._predicate at 0x000000C3A842E160>, message = ''\n\n    def until(self, method, message: str = \"\"):\n        \"\"\"Calls the method provided with the driver as an argument until the \\\n        return value does not evaluate to ``False``.\n    \n        :param method: callable(WebDriver)\n        :param message: optional message for :exc:`TimeoutException`\n        :returns: the result of the last call to `method`\n        :raises: :exc:`selenium.common.exceptions.TimeoutException` if timeout occurs\n        \"\"\"\n        screen = None\n        stacktrace = None\n    \n        end_time = time.monotonic() + self._timeout\n        while True:\n            try:\n                value = method(self._driver)\n                if value:\n                    return value\n            except self._ignored_exceptions as exc:\n                screen = getattr(exc, \"screen\", None)\n                stacktrace = getattr(exc, \"stacktrace\", None)\n            time.sleep(self._poll)\n            if time.monotonic() > end_time:\n                break\n>       raise TimeoutException(message, screen, stacktrace)\nE       selenium.common.exceptions.TimeoutException: Message: \nE       Stacktrace:\nE       RemoteError@chrome://remote/content/shared/RemoteError.sys.mjs:8:8\nE       WebDriverError@chrome://remote/content/shared/webdriver/Errors.sys.mjs:187:5\nE       NoSuchElementError@chrome://remote/content/shared/webdriver/Errors.sys.mjs:505:5\nE       element.find/</<@chrome://remote/content/marionette/element.sys.mjs:135:16\n\nvenv\\Lib\\site-packages\\selenium\\webdriver\\support\\wait.py:95: TimeoutException"}, "description": " Check if it's possible to right-click button ", "steps": [{"name": "Click right-click buttin", "status": "passed", "start": 1693431173404, "stop": 1693431173916}, {"name": "Get result message 'right'", "status": "broken", "statusDetails": {"message": "selenium.common.exceptions.TimeoutException: Message: \nStacktrace:\nRemoteError@chrome://remote/content/shared/RemoteError.sys.mjs:8:8\nWebDriverError@chrome://remote/content/shared/webdriver/Errors.sys.mjs:187:5\nNoSuchElementError@chrome://remote/content/shared/webdriver/Errors.sys.mjs:505:5\nelement.find/</<@chrome://remote/content/marionette/element.sys.mjs:135:16\n\n", "trace": "  File \"C:\\Users\\Ник\\PycharmProjects\\TestingUIForGit_POM\\venv\\Lib\\site-packages\\allure_commons\\_allure.py\", line 192, in impl\n    return func(*a, **kw)\n           ^^^^^^^^^^^^^^\n  File \"C:\\Users\\Ник\\PycharmProjects\\TestingUIForGit_POM\\pages\\element_page.py\", line 273, in get_click_result\n    return self.element_is_visible(butt).text\n           ^^^^^^^^^^^^^^^^^^^^^^^^^^^^^\n  File \"C:\\Users\\Ник\\PycharmProjects\\TestingUIForGit_POM\\pages\\base_page.py\", line 15, in element_is_visible\n    return wait(self.driver, timeout).until(EC.visibility_of_element_located(locator))\n           ^^^^^^^^^^^^^^^^^^^^^^^^^^^^^^^^^^^^^^^^^^^^^^^^^^^^^^^^^^^^^^^^^^^^^^^^^^^\n  File \"C:\\Users\\Ник\\PycharmProjects\\TestingUIForGit_POM\\venv\\Lib\\site-packages\\selenium\\webdriver\\support\\wait.py\", line 95, in until\n    raise TimeoutException(message, screen, stacktrace)\n"}, "parameters": [{"name": "butt", "value": "'right'"}], "start": 1693431173916, "stop": 1693431179964}], "start": 1693431173404, "stop": 1693431179964, "uuid": "ebe00f78-bd0d-4cef-b682-5ef6ef7c3ab1", "historyId": "d78e3d28404e1bd080c257978ce72cdb", "testCaseId": "d78e3d28404e1bd080c257978ce72cdb", "fullName": "tests.elements_page_test.TestClickButtons#test_click_buttons_page_right_click", "labels": [{"name": "suite", "value": "Elements"}, {"name": "subSuite", "value": "ClickButtons"}, {"name": "feature", "value": "ClickButtons page has 3 buttons for interact in the different ways"}, {"name": "tag", "value": "@pytest.mark.usefixtures('click_buttons_page_setup')"}, {"name": "parentSuite", "value": "tests"}, {"name": "host", "value": "Nick"}, {"name": "thread", "value": "7104-MainThread"}, {"name": "framework", "value": "pytest"}, {"name": "language", "value": "cpython3"}, {"name": "package", "value": "tests.elements_page_test"}]}